\BOOKMARK [1][]{section.0.1}{\376\377\0001\000\040\000I\000n\000t\000r\000o\000d\000u\000c\000t\000i\000o\000n}{}% 1
\BOOKMARK [2][]{subsection.0.1.1}{\376\377\0001\000.\0001\000\040\000B\000a\000c\000k\000g\000r\000o\000u\000n\000d}{section.0.1}% 2
\BOOKMARK [2][]{subsection.0.1.2}{\376\377\0001\000.\0002\000\040\000R\000e\000s\000t\000a\000t\000e\000m\000e\000n\000t\000\040\000o\000f\000\040\000t\000h\000e\000\040\000P\000r\000o\000b\000l\000e\000m}{section.0.1}% 3
\BOOKMARK [2][]{subsection.0.1.3}{\376\377\0001\000.\0003\000\040\000O\000u\000r\000\040\000W\000o\000r\000k}{section.0.1}% 4
\BOOKMARK [1][]{section.0.2}{\376\377\0002\000\040\000A\000s\000s\000u\000m\000p\000t\000i\000o\000n\000s\000\040\000a\000n\000d\000\040\000E\000x\000p\000l\000a\000n\000a\000t\000i\000o\000n\000s}{}% 5
\BOOKMARK [1][]{section.0.3}{\376\377\0003\000\040\000N\000o\000t\000a\000t\000i\000o\000n\000s}{}% 6
\BOOKMARK [1][]{section.0.4}{\376\377\0004\000\040\000D\000a\000t\000a\000\040\000P\000r\000e\000p\000r\000o\000c\000e\000s\000s\000i\000n\000g}{}% 7
\BOOKMARK [1][]{section.0.5}{\376\377\0005\000\040\000M\000o\000d\000e\000l\000l\000i\000n\000g\000,\000\040\000s\000o\000l\000v\000i\000n\000g\000,\000\040\000e\000v\000a\000l\000u\000a\000t\000i\000n\000g\000\040\000a\000n\000d\000\040\000p\000r\000e\000d\000i\000c\000t\000i\000n\000g}{}% 8
\BOOKMARK [2][]{subsection.0.5.1}{\376\377\0005\000.\0001\000\040\000I\000n\000t\000r\000o\000d\000u\000c\000t\000i\000o\000n\000\040\000t\000o\000\040\000M\000C\000M\000/\000I\000C\000M}{section.0.5}% 9
\BOOKMARK [2][]{subsection.0.5.2}{\376\377\0005\000.\0002\000\040\000T\000y\000p\000i\000c\000a\000l\000\040\000m\000o\000d\000e\000l\000s\000\040\000a\000n\000d\000\040\000a\000l\000g\000o\000r\000i\000t\000h\000m\000s}{section.0.5}% 10
\BOOKMARK [2][]{subsection.0.5.3}{\376\377\0005\000.\0003\000\040\000T\000i\000p\000s}{section.0.5}% 11
\BOOKMARK [1][]{section.0.6}{\376\377\0006\000\040\000T\000i\000p\000s\000\040\000f\000o\000r\000\040\000t\000h\000e\000\040\000v\000i\000s\000u\000a\000l\000i\000z\000a\000t\000i\000o\000n\000s}{}% 12
\BOOKMARK [1][]{section.0.7}{\376\377\0007\000\040\000T\000i\000p\000s\000\040\000f\000o\000r\000\040\000M\000a\000t\000h\000\040\000t\000y\000p\000i\000n\000g}{}% 13
\BOOKMARK [1][]{section.0.8}{\376\377\0008\000\040\000T\000i\000p\000s\000\040\000f\000o\000r\000\040\000p\000s\000e\000u\000d\000o\000c\000o\000d\000e\000\040\000o\000r\000\040\000a\000l\000g\000o\000r\000i\000t\000h\000m\000s}{}% 14
\BOOKMARK [1][]{section.0.9}{\376\377\0009\000\040\000T\000o\000o\000l\000s\000\040\000t\000o\000\040\000p\000r\000e\000p\000a\000r\000e\000\040\000y\000o\000u\000r\000\040\000s\000u\000b\000m\000i\000s\000s\000i\000o\000n}{}% 15
\BOOKMARK [2][]{subsection.0.9.1}{\376\377\0009\000.\0001\000\040\000D\000o\000w\000n\000l\000o\000a\000d\000\040\000t\000h\000e\000\040\000s\000o\000f\000t\000w\000a\000r\000e\000s}{section.0.9}% 16
\BOOKMARK [2][]{subsection.0.9.2}{\376\377\0009\000.\0002\000\040\000I\000n\000s\000t\000a\000l\000l\000a\000t\000i\000o\000n\000\040\000a\000n\000d\000\040\000m\000a\000n\000u\000a\000l\000\040\000c\000o\000n\000f\000i\000g\000u\000r\000a\000t\000i\000o\000n}{section.0.9}% 17
\BOOKMARK [2][]{subsection.0.9.3}{\376\377\0009\000.\0003\000\040\000O\000n\000l\000i\000n\000e\000\040\000L\000a\000T\000e\000X\000\040\000w\000r\000i\000t\000i\000n\000g\000\040\000t\000o\000o\000l\000:\000\040\000O\000v\000e\000r\000l\000e\000a\000f}{section.0.9}% 18
\BOOKMARK [1][]{section.0.10}{\376\377\0001\0000\000\040\000L\000a\000T\000e\000X\000\040\000o\000n\000r\000a\000m\000p\000\040\000a\000n\000d\000\040\000p\000u\000b\000l\000i\000s\000h\000i\000n\000g\000\040\000t\000e\000m\000p\000l\000a\000t\000e}{}% 19
\BOOKMARK [1][]{section.0.11}{\376\377\0001\0001\000\040\000S\000e\000n\000s\000i\000t\000i\000v\000i\000t\000y\000\040\000A\000n\000a\000l\000y\000s\000i\000s}{}% 20
\BOOKMARK [1][]{section.0.12}{\376\377\0001\0002\000\040\000S\000t\000r\000e\000n\000g\000t\000h\000s\000\040\000a\000n\000d\000\040\000w\000e\000a\000k\000n\000e\000s\000s\000e\000s}{}% 21
\BOOKMARK [2][]{subsection.0.12.1}{\376\377\0001\0002\000.\0001\000\040\000S\000t\000r\000e\000n\000g\000t\000h\000s}{section.0.12}% 22
\BOOKMARK [2][]{subsection.0.12.2}{\376\377\0001\0002\000.\0002\000\040\000W\000e\000a\000k\000n\000e\000s\000s\000e\000s}{section.0.12}% 23
\BOOKMARK [1][]{section.0.13}{\376\377\0001\0003\000\040\000A\000\040\000L\000e\000t\000t\000e\000r\000\040\000t\000o\000\040\000t\000h\000e\000\040\000d\000e\000s\000i\000g\000n\000a\000t\000e\000d\000\040\000p\000e\000r\000s\000o\000n}{}% 24
\BOOKMARK [1][]{section.0.14}{\376\377\000R\000e\000f\000e\000r\000e\000n\000c\000e\000s}{}% 25
